0 info it worked if it ends with ok
1 verbose cli [ '/usr/bin/node', '/usr/bin/npm', 'publish' ]
2 info using npm@1.3.24
3 info using node@v0.10.25
4 verbose node symlink /usr/bin/node
5 verbose publish [ '.' ]
6 verbose cache add [ '.', null ]
7 verbose cache add name=undefined spec="." args=[".",null]
8 verbose parsed url { protocol: null,
8 verbose parsed url   slashes: null,
8 verbose parsed url   auth: null,
8 verbose parsed url   host: null,
8 verbose parsed url   port: null,
8 verbose parsed url   hostname: null,
8 verbose parsed url   hash: null,
8 verbose parsed url   search: null,
8 verbose parsed url   query: null,
8 verbose parsed url   pathname: '.',
8 verbose parsed url   path: '.',
8 verbose parsed url   href: '.' }
9 silly lockFile 3a52ce78- .
10 verbose lock . /home/jonathan/.npm/3a52ce78-.lock
11 verbose tar pack [ '/home/jonathan/tmp/npm-12609-OtdxedDa/1391481945316-0.3934855065308511/tmp.tgz',
11 verbose tar pack   '.' ]
12 verbose tarball /home/jonathan/tmp/npm-12609-OtdxedDa/1391481945316-0.3934855065308511/tmp.tgz
13 verbose folder .
14 info prepublish strut@0.0.1
15 silly lockFile 1f1177db-tar tar://.
16 verbose lock tar://. /home/jonathan/.npm/1f1177db-tar.lock
17 silly lockFile b719218b-45316-0-3934855065308511-tmp-tgz tar:///home/jonathan/tmp/npm-12609-OtdxedDa/1391481945316-0.3934855065308511/tmp.tgz
18 verbose lock tar:///home/jonathan/tmp/npm-12609-OtdxedDa/1391481945316-0.3934855065308511/tmp.tgz /home/jonathan/.npm/b719218b-45316-0-3934855065308511-tmp-tgz.lock
19 silly lockFile 1f1177db-tar tar://.
20 silly lockFile 1f1177db-tar tar://.
21 silly lockFile b719218b-45316-0-3934855065308511-tmp-tgz tar:///home/jonathan/tmp/npm-12609-OtdxedDa/1391481945316-0.3934855065308511/tmp.tgz
22 silly lockFile b719218b-45316-0-3934855065308511-tmp-tgz tar:///home/jonathan/tmp/npm-12609-OtdxedDa/1391481945316-0.3934855065308511/tmp.tgz
23 verbose tar unpack /home/jonathan/tmp/npm-12609-OtdxedDa/1391481945316-0.3934855065308511/tmp.tgz
24 silly lockFile 0eb18554-45316-0-3934855065308511-package tar:///home/jonathan/tmp/npm-12609-OtdxedDa/1391481945316-0.3934855065308511/package
25 verbose lock tar:///home/jonathan/tmp/npm-12609-OtdxedDa/1391481945316-0.3934855065308511/package /home/jonathan/.npm/0eb18554-45316-0-3934855065308511-package.lock
26 silly lockFile b719218b-45316-0-3934855065308511-tmp-tgz tar:///home/jonathan/tmp/npm-12609-OtdxedDa/1391481945316-0.3934855065308511/tmp.tgz
27 verbose lock tar:///home/jonathan/tmp/npm-12609-OtdxedDa/1391481945316-0.3934855065308511/tmp.tgz /home/jonathan/.npm/b719218b-45316-0-3934855065308511-tmp-tgz.lock
28 silly gunzTarPerm modes [ '755', '644' ]
29 silly gunzTarPerm extractEntry package.json
30 silly gunzTarPerm modified mode [ 'package.json', 436, 420 ]
31 silly gunzTarPerm extractEntry .npmignore
32 silly gunzTarPerm modified mode [ '.npmignore', 436, 420 ]
33 silly gunzTarPerm extractEntry README.md
34 silly gunzTarPerm modified mode [ 'README.md', 436, 420 ]
35 silly gunzTarPerm extractEntry Makefile
36 silly gunzTarPerm modified mode [ 'Makefile', 436, 420 ]
37 silly gunzTarPerm extractEntry lib/strut.js
38 silly gunzTarPerm modified mode [ 'lib/strut.js', 436, 420 ]
39 silly gunzTarPerm extractEntry lib/strutMeta.js
40 silly gunzTarPerm modified mode [ 'lib/strutMeta.js', 436, 420 ]
41 silly gunzTarPerm extractEntry lib/strutUtils.js
42 silly gunzTarPerm modified mode [ 'lib/strutUtils.js', 436, 420 ]
43 silly gunzTarPerm extractEntry test/strutMeta.js
44 silly gunzTarPerm modified mode [ 'test/strutMeta.js', 436, 420 ]
45 silly lockFile 0eb18554-45316-0-3934855065308511-package tar:///home/jonathan/tmp/npm-12609-OtdxedDa/1391481945316-0.3934855065308511/package
46 silly lockFile 0eb18554-45316-0-3934855065308511-package tar:///home/jonathan/tmp/npm-12609-OtdxedDa/1391481945316-0.3934855065308511/package
47 silly lockFile b719218b-45316-0-3934855065308511-tmp-tgz tar:///home/jonathan/tmp/npm-12609-OtdxedDa/1391481945316-0.3934855065308511/tmp.tgz
48 silly lockFile b719218b-45316-0-3934855065308511-tmp-tgz tar:///home/jonathan/tmp/npm-12609-OtdxedDa/1391481945316-0.3934855065308511/tmp.tgz
49 verbose tar pack [ '/home/jonathan/.npm/strut/0.0.1/package.tgz',
49 verbose tar pack   '/home/jonathan/tmp/npm-12609-OtdxedDa/1391481945316-0.3934855065308511/package' ]
50 verbose tarball /home/jonathan/.npm/strut/0.0.1/package.tgz
51 verbose folder /home/jonathan/tmp/npm-12609-OtdxedDa/1391481945316-0.3934855065308511/package
52 silly lockFile 0eb18554-45316-0-3934855065308511-package tar:///home/jonathan/tmp/npm-12609-OtdxedDa/1391481945316-0.3934855065308511/package
53 verbose lock tar:///home/jonathan/tmp/npm-12609-OtdxedDa/1391481945316-0.3934855065308511/package /home/jonathan/.npm/0eb18554-45316-0-3934855065308511-package.lock
54 silly lockFile 86de8525-than-npm-strut-0-0-1-package-tgz tar:///home/jonathan/.npm/strut/0.0.1/package.tgz
55 verbose lock tar:///home/jonathan/.npm/strut/0.0.1/package.tgz /home/jonathan/.npm/86de8525-than-npm-strut-0-0-1-package-tgz.lock
56 silly lockFile 0eb18554-45316-0-3934855065308511-package tar:///home/jonathan/tmp/npm-12609-OtdxedDa/1391481945316-0.3934855065308511/package
57 silly lockFile 0eb18554-45316-0-3934855065308511-package tar:///home/jonathan/tmp/npm-12609-OtdxedDa/1391481945316-0.3934855065308511/package
58 silly lockFile 86de8525-than-npm-strut-0-0-1-package-tgz tar:///home/jonathan/.npm/strut/0.0.1/package.tgz
59 silly lockFile 86de8525-than-npm-strut-0-0-1-package-tgz tar:///home/jonathan/.npm/strut/0.0.1/package.tgz
60 silly lockFile a641d963-jonathan-npm-strut-0-0-1-package /home/jonathan/.npm/strut/0.0.1/package
61 verbose lock /home/jonathan/.npm/strut/0.0.1/package /home/jonathan/.npm/a641d963-jonathan-npm-strut-0-0-1-package.lock
62 silly lockFile a641d963-jonathan-npm-strut-0-0-1-package /home/jonathan/.npm/strut/0.0.1/package
63 silly lockFile a641d963-jonathan-npm-strut-0-0-1-package /home/jonathan/.npm/strut/0.0.1/package
64 verbose tar unpack /home/jonathan/.npm/strut/0.0.1/package.tgz
65 silly lockFile 12899d7f-jonathan-npm-strut-0-0-1-package tar:///home/jonathan/.npm/strut/0.0.1/package
66 verbose lock tar:///home/jonathan/.npm/strut/0.0.1/package /home/jonathan/.npm/12899d7f-jonathan-npm-strut-0-0-1-package.lock
67 silly lockFile 86de8525-than-npm-strut-0-0-1-package-tgz tar:///home/jonathan/.npm/strut/0.0.1/package.tgz
68 verbose lock tar:///home/jonathan/.npm/strut/0.0.1/package.tgz /home/jonathan/.npm/86de8525-than-npm-strut-0-0-1-package-tgz.lock
69 silly gunzTarPerm modes [ '755', '644' ]
70 silly gunzTarPerm extractEntry package.json
71 silly gunzTarPerm extractEntry .npmignore
72 silly gunzTarPerm extractEntry README.md
73 silly gunzTarPerm extractEntry Makefile
74 silly gunzTarPerm extractEntry lib/strut.js
75 silly gunzTarPerm extractEntry lib/strutMeta.js
76 silly gunzTarPerm extractEntry lib/strutUtils.js
77 silly gunzTarPerm extractEntry test/strutMeta.js
78 silly lockFile 12899d7f-jonathan-npm-strut-0-0-1-package tar:///home/jonathan/.npm/strut/0.0.1/package
79 silly lockFile 12899d7f-jonathan-npm-strut-0-0-1-package tar:///home/jonathan/.npm/strut/0.0.1/package
80 silly lockFile 86de8525-than-npm-strut-0-0-1-package-tgz tar:///home/jonathan/.npm/strut/0.0.1/package.tgz
81 silly lockFile 86de8525-than-npm-strut-0-0-1-package-tgz tar:///home/jonathan/.npm/strut/0.0.1/package.tgz
82 verbose chmod /home/jonathan/.npm/strut/0.0.1/package.tgz 644
83 verbose chown /home/jonathan/.npm/strut/0.0.1/package.tgz [ 1000, 1000 ]
84 silly lockFile 3a52ce78- .
85 silly lockFile 3a52ce78- .
86 silly publish { author: { name: 'Jonathan Kingston' },
86 silly publish   name: 'strut',
86 silly publish   description: 'Simple object base class builder',
86 silly publish   version: '0.0.1',
86 silly publish   repository: { url: 'https://github.com/jonathanKingston/strut.git' },
86 silly publish   main: './lib/strut',
86 silly publish   dependencies: { crock: '0.0.2', allot: '0.0.3' },
86 silly publish   devDependencies:
86 silly publish    { mocha: '1.17.1',
86 silly publish      chai: '1.9.0',
86 silly publish      browserify: '3.24.8',
86 silly publish      coveralls: '2.7.1',
86 silly publish      'mocha-lcov-reporter': '0.0.1',
86 silly publish      blanket: 'git+https://github.com/alex-seville/blanket.git',
86 silly publish      'mocha-jshint': '0.0.7' },
86 silly publish   optionalDependencies: {},
86 silly publish   engines: { node: '*' },
86 silly publish   scripts: { test: 'make test' },
86 silly publish   testling:
86 silly publish    { files: 'test/*.js',
86 silly publish      harness: 'mocha',
86 silly publish      browsers:
86 silly publish       [ 'ie/6..latest',
86 silly publish         'firefox/3.5',
86 silly publish         'firefox/latest',
86 silly publish         'chrome/5',
86 silly publish         'chrome/latest',
86 silly publish         'opera/12..latest',
86 silly publish         'opera/next',
86 silly publish         'safari/5.1..latest',
86 silly publish         'ipad/6.0..latest',
86 silly publish         'iphone/6.0..latest',
86 silly publish         'android-browser/4.2..latest' ] },
86 silly publish   config: { blanket: { pattern: 'strut/lib/', 'data-cover-never': 'node_modules' } },
86 silly publish   readme: 'Strut\n-----\n\nA simple object base for node.js and plain ol JavaScript.\n\nProvides basic similar behavior to Moose from Perl.',
86 silly publish   readmeFilename: 'README.md',
86 silly publish   bugs: { url: 'https://github.com/jonathanKingston/strut/issues' },
86 silly publish   homepage: 'https://github.com/jonathanKingston/strut',
86 silly publish   _id: 'strut@0.0.1',
86 silly publish   dist: { shasum: '82b3d7ed7d4a0ec824fd28aea65d2cf7ff9d5b75' },
86 silly publish   _from: '.' }
87 verbose url raw strut
88 verbose url resolving [ 'https://registry.npmjs.org/', './strut' ]
89 verbose url resolved https://registry.npmjs.org/strut
90 info trying registry request attempt 1 at 02:45:45
91 http PUT https://registry.npmjs.org/strut
92 http 409 https://registry.npmjs.org/strut
93 verbose url raw strut
94 verbose url resolving [ 'https://registry.npmjs.org/', './strut' ]
95 verbose url resolved https://registry.npmjs.org/strut
96 info trying registry request attempt 1 at 02:45:46
97 http GET https://registry.npmjs.org/strut
98 http 200 https://registry.npmjs.org/strut
99 verbose url raw strut
100 verbose url resolving [ 'https://registry.npmjs.org/', './strut' ]
101 verbose url resolved https://registry.npmjs.org/strut
102 info trying registry request attempt 1 at 02:45:47
103 http PUT https://registry.npmjs.org/strut
104 http 403 https://registry.npmjs.org/strut
105 info trying registry request attempt 1 at 02:45:53
106 http PUT https://registry.npmjs.org/strut
107 http 403 https://registry.npmjs.org/strut
108 error Error: forbidden user: jonathankingston not authorized to modify strut
108 error Changed: description "Express helper for Swagger web services." -> "Simple object base class builder"
108 error Changed: dist-tags.latest "0.0.0" -> "0.0.1"
108 error Added: versions.0.0.0.directories
108 error Added: versions.0.0.1
108 error Changed: readme "# Strut [![Build Status](https://secure.travis-ci.org/silas/strut.png?branch=master)](http://travis-ci.org/silas/strut)\n\nExpress helper for Swagger web services.\n\n*NOTE: Note useful yet.*\n\n### License\n\nThis work is licensed under the MIT License (see the LICENSE file).\n" -> "Strut\n-----\n\nA simple object base for node.js and plain ol JavaScript.\n\nProvides basic similar behavior to Moose from Perl."
108 error Changed: time.modified "2014-02-02T23:36:17.916Z" -> "2014-02-04T02:45:54.455Z"
108 error Added: time.0.0.1
108 error Added: _attachments.strut-0.0.1.tgz: strut
108 error     at RegClient.<anonymous> (/usr/lib/node_modules/npm/node_modules/npm-registry-client/lib/request.js:275:14)
108 error     at Request.self.callback (/usr/lib/node_modules/npm/node_modules/request/request.js:123:22)
108 error     at Request.EventEmitter.emit (events.js:98:17)
108 error     at Request.<anonymous> (/usr/lib/node_modules/npm/node_modules/request/request.js:893:14)
108 error     at Request.EventEmitter.emit (events.js:117:20)
108 error     at IncomingMessage.<anonymous> (/usr/lib/node_modules/npm/node_modules/request/request.js:844:12)
108 error     at IncomingMessage.EventEmitter.emit (events.js:117:20)
108 error     at _stream_readable.js:920:16
108 error     at process._tickCallback (node.js:415:13)
109 error If you need help, you may report this *entire* log,
109 error including the npm and node versions, at:
109 error     <http://github.com/isaacs/npm/issues>
110 error System Linux 3.8.0-35-generic
111 error command "/usr/bin/node" "/usr/bin/npm" "publish"
112 error cwd /home/jonathan/strut
113 error node -v v0.10.25
114 error npm -v 1.3.24
115 verbose exit [ 1, true ]
